<?xml version="1.0" encoding="UTF-8"?>
<testsuite name="TestOffByN" tests="1" skipped="0" failures="0" errors="0" timestamp="2022-10-09T08:54:33" hostname="LAPTOP-M3OK0M7F" time="0.052">
  <properties/>
  <testcase name="testOffByN()" classname="TestOffByN" time="0.052"/>
  <system-out><![CDATA[]]></system-out>
  <system-err><![CDATA[]]></system-err>
</testsuite>
